Started GET "/" for ::1 at 2019-10-14 17:18:49 -0500
  
ActiveRecord::NoDatabaseError (FATAL:  database "tutor-virtual-2_development" does not exist
):
  
activerecord (5.2.3) lib/active_record/connection_adapters/postgresql_adapter.rb:696:in `rescue in connect'
activerecord (5.2.3) lib/active_record/connection_adapters/postgresql_adapter.rb:691:in `connect'
activerecord (5.2.3) lib/active_record/connection_adapters/postgresql_adapter.rb:223:in `initialize'
activerecord (5.2.3) lib/active_record/connection_adapters/postgresql_adapter.rb:48:in `new'
activerecord (5.2.3) lib/active_record/connection_adapters/postgresql_adapter.rb:48:in `postgresql_connection'
activerecord (5.2.3) lib/active_record/connection_adapters/abstract/connection_pool.rb:811:in `new_connection'
activerecord (5.2.3) lib/active_record/connection_adapters/abstract/connection_pool.rb:855:in `checkout_new_connection'
activerecord (5.2.3) lib/active_record/connection_adapters/abstract/connection_pool.rb:834:in `try_to_checkout_new_connection'
activerecord (5.2.3) lib/active_record/connection_adapters/abstract/connection_pool.rb:795:in `acquire_connection'
activerecord (5.2.3) lib/active_record/connection_adapters/abstract/connection_pool.rb:523:in `checkout'
activerecord (5.2.3) lib/active_record/connection_adapters/abstract/connection_pool.rb:382:in `connection'
activerecord (5.2.3) lib/active_record/connection_adapters/abstract/connection_pool.rb:1014:in `retrieve_connection'
activerecord (5.2.3) lib/active_record/connection_handling.rb:118:in `retrieve_connection'
activerecord (5.2.3) lib/active_record/connection_handling.rb:90:in `connection'
activerecord (5.2.3) lib/active_record/migration.rb:554:in `call'
actionpack (5.2.3) lib/action_dispatch/middleware/callbacks.rb:28:in `block in call'
activesupport (5.2.3) lib/active_support/callbacks.rb:98:in `run_callbacks'
actionpack (5.2.3) lib/action_dispatch/middleware/callbacks.rb:26:in `call'
actionpack (5.2.3) lib/action_dispatch/middleware/executor.rb:14:in `call'
actionpack (5.2.3) lib/action_dispatch/middleware/debug_exceptions.rb:61:in `call'
web-console (3.7.0) lib/web_console/middleware.rb:135:in `call_app'
web-console (3.7.0) lib/web_console/middleware.rb:30:in `block in call'
web-console (3.7.0) lib/web_console/middleware.rb:20:in `catch'
web-console (3.7.0) lib/web_console/middleware.rb:20:in `call'
actionpack (5.2.3) lib/action_dispatch/middleware/show_exceptions.rb:33:in `call'
railties (5.2.3) lib/rails/rack/logger.rb:38:in `call_app'
railties (5.2.3) lib/rails/rack/logger.rb:26:in `block in call'
activesupport (5.2.3) lib/active_support/tagged_logging.rb:71:in `block in tagged'
activesupport (5.2.3) lib/active_support/tagged_logging.rb:28:in `tagged'
activesupport (5.2.3) lib/active_support/tagged_logging.rb:71:in `tagged'
railties (5.2.3) lib/rails/rack/logger.rb:26:in `call'
sprockets-rails (3.2.1) lib/sprockets/rails/quiet_assets.rb:13:in `call'
actionpack (5.2.3) lib/action_dispatch/middleware/remote_ip.rb:81:in `call'
actionpack (5.2.3) lib/action_dispatch/middleware/request_id.rb:27:in `call'
rack (2.0.7) lib/rack/method_override.rb:22:in `call'
rack (2.0.7) lib/rack/runtime.rb:22:in `call'
activesupport (5.2.3) lib/active_support/cache/strategy/local_cache_middleware.rb:29:in `call'
actionpack (5.2.3) lib/action_dispatch/middleware/executor.rb:14:in `call'
actionpack (5.2.3) lib/action_dispatch/middleware/static.rb:127:in `call'
rack (2.0.7) lib/rack/sendfile.rb:111:in `call'
railties (5.2.3) lib/rails/engine.rb:524:in `call'
puma (3.12.1) lib/puma/configuration.rb:227:in `call'
puma (3.12.1) lib/puma/server.rb:660:in `handle_request'
puma (3.12.1) lib/puma/server.rb:474:in `process_client'
puma (3.12.1) lib/puma/server.rb:334:in `block in run'
puma (3.12.1) lib/puma/thread_pool.rb:135:in `block in spawn_thread'
Started GET "/" for ::1 at 2019-10-14 17:19:16 -0500
  
ActiveRecord::NoDatabaseError (FATAL:  database "tutor-virtual-2_development" does not exist
):
  
activerecord (5.2.3) lib/active_record/connection_adapters/postgresql_adapter.rb:696:in `rescue in connect'
activerecord (5.2.3) lib/active_record/connection_adapters/postgresql_adapter.rb:691:in `connect'
activerecord (5.2.3) lib/active_record/connection_adapters/postgresql_adapter.rb:223:in `initialize'
activerecord (5.2.3) lib/active_record/connection_adapters/postgresql_adapter.rb:48:in `new'
activerecord (5.2.3) lib/active_record/connection_adapters/postgresql_adapter.rb:48:in `postgresql_connection'
activerecord (5.2.3) lib/active_record/connection_adapters/abstract/connection_pool.rb:811:in `new_connection'
activerecord (5.2.3) lib/active_record/connection_adapters/abstract/connection_pool.rb:855:in `checkout_new_connection'
activerecord (5.2.3) lib/active_record/connection_adapters/abstract/connection_pool.rb:834:in `try_to_checkout_new_connection'
activerecord (5.2.3) lib/active_record/connection_adapters/abstract/connection_pool.rb:795:in `acquire_connection'
activerecord (5.2.3) lib/active_record/connection_adapters/abstract/connection_pool.rb:523:in `checkout'
activerecord (5.2.3) lib/active_record/connection_adapters/abstract/connection_pool.rb:382:in `connection'
activerecord (5.2.3) lib/active_record/connection_adapters/abstract/connection_pool.rb:1014:in `retrieve_connection'
activerecord (5.2.3) lib/active_record/connection_handling.rb:118:in `retrieve_connection'
activerecord (5.2.3) lib/active_record/connection_handling.rb:90:in `connection'
activerecord (5.2.3) lib/active_record/migration.rb:554:in `call'
actionpack (5.2.3) lib/action_dispatch/middleware/callbacks.rb:28:in `block in call'
activesupport (5.2.3) lib/active_support/callbacks.rb:98:in `run_callbacks'
actionpack (5.2.3) lib/action_dispatch/middleware/callbacks.rb:26:in `call'
actionpack (5.2.3) lib/action_dispatch/middleware/executor.rb:14:in `call'
actionpack (5.2.3) lib/action_dispatch/middleware/debug_exceptions.rb:61:in `call'
web-console (3.7.0) lib/web_console/middleware.rb:135:in `call_app'
web-console (3.7.0) lib/web_console/middleware.rb:30:in `block in call'
web-console (3.7.0) lib/web_console/middleware.rb:20:in `catch'
web-console (3.7.0) lib/web_console/middleware.rb:20:in `call'
actionpack (5.2.3) lib/action_dispatch/middleware/show_exceptions.rb:33:in `call'
railties (5.2.3) lib/rails/rack/logger.rb:38:in `call_app'
railties (5.2.3) lib/rails/rack/logger.rb:26:in `block in call'
activesupport (5.2.3) lib/active_support/tagged_logging.rb:71:in `block in tagged'
activesupport (5.2.3) lib/active_support/tagged_logging.rb:28:in `tagged'
activesupport (5.2.3) lib/active_support/tagged_logging.rb:71:in `tagged'
railties (5.2.3) lib/rails/rack/logger.rb:26:in `call'
sprockets-rails (3.2.1) lib/sprockets/rails/quiet_assets.rb:13:in `call'
actionpack (5.2.3) lib/action_dispatch/middleware/remote_ip.rb:81:in `call'
actionpack (5.2.3) lib/action_dispatch/middleware/request_id.rb:27:in `call'
rack (2.0.7) lib/rack/method_override.rb:22:in `call'
rack (2.0.7) lib/rack/runtime.rb:22:in `call'
activesupport (5.2.3) lib/active_support/cache/strategy/local_cache_middleware.rb:29:in `call'
actionpack (5.2.3) lib/action_dispatch/middleware/executor.rb:14:in `call'
actionpack (5.2.3) lib/action_dispatch/middleware/static.rb:127:in `call'
rack (2.0.7) lib/rack/sendfile.rb:111:in `call'
railties (5.2.3) lib/rails/engine.rb:524:in `call'
puma (3.12.1) lib/puma/configuration.rb:227:in `call'
puma (3.12.1) lib/puma/server.rb:660:in `handle_request'
puma (3.12.1) lib/puma/server.rb:474:in `process_client'
puma (3.12.1) lib/puma/server.rb:334:in `block in run'
puma (3.12.1) lib/puma/thread_pool.rb:135:in `block in spawn_thread'
  [1m[35m (345.5ms)[0m  [1m[35mCREATE DATABASE "tutor-virtual-2_development" ENCODING = 'unicode'[0m
  ↳ /Users/arturogonzalez/.rvm/gems/ruby-2.6.3/gems/rake-13.0.0/lib/rake/task.rb:280
  [1m[35m (271.3ms)[0m  [1m[35mCREATE DATABASE "tutor-virtual-2_test" ENCODING = 'unicode'[0m
  ↳ /Users/arturogonzalez/.rvm/gems/ruby-2.6.3/gems/rake-13.0.0/lib/rake/task.rb:280
  [1m[35m (19.0ms)[0m  [1m[35mCREATE TABLE "schema_migrations" ("version" character varying NOT NULL PRIMARY KEY)[0m
  ↳ /Users/arturogonzalez/.rvm/gems/ruby-2.6.3/gems/rake-13.0.0/lib/rake/task.rb:280
  [1m[35m (3.1ms)[0m  [1m[35mCREATE TABLE "ar_internal_metadata" ("key" character varying NOT NULL PRIMARY KEY, "value" character varying, "created_at" timestamp NOT NULL, "updated_at" timestamp NOT NULL)[0m
  ↳ /Users/arturogonzalez/.rvm/gems/ruby-2.6.3/gems/rake-13.0.0/lib/rake/task.rb:280
  [1m[35m (1.1ms)[0m  [1m[34mSELECT pg_try_advisory_lock(1480092826138518270)[0m
  ↳ /Users/arturogonzalez/.rvm/gems/ruby-2.6.3/gems/rake-13.0.0/lib/rake/task.rb:280
  [1m[35m (0.4ms)[0m  [1m[34mSELECT "schema_migrations"."version" FROM "schema_migrations" ORDER BY "schema_migrations"."version" ASC[0m
  ↳ /Users/arturogonzalez/.rvm/gems/ruby-2.6.3/gems/rake-13.0.0/lib/rake/task.rb:280
  [1m[36mActiveRecord::InternalMetadata Load (0.8ms)[0m  [1m[34mSELECT  "ar_internal_metadata".* FROM "ar_internal_metadata" WHERE "ar_internal_metadata"."key" = $1 LIMIT $2[0m  [["key", "environment"], ["LIMIT", 1]]
  ↳ /Users/arturogonzalez/.rvm/gems/ruby-2.6.3/gems/rake-13.0.0/lib/rake/task.rb:280
  [1m[35m (0.1ms)[0m  [1m[35mBEGIN[0m
  ↳ /Users/arturogonzalez/.rvm/gems/ruby-2.6.3/gems/rake-13.0.0/lib/rake/task.rb:280
  [1m[36mActiveRecord::InternalMetadata Create (3.4ms)[0m  [1m[32mINSERT INTO "ar_internal_metadata" ("key", "value", "created_at", "updated_at") VALUES ($1, $2, $3, $4) RETURNING "key"[0m  [["key", "environment"], ["value", "development"], ["created_at", "2019-10-14 22:19:39.488041"], ["updated_at", "2019-10-14 22:19:39.488041"]]
  ↳ /Users/arturogonzalez/.rvm/gems/ruby-2.6.3/gems/rake-13.0.0/lib/rake/task.rb:280
  [1m[35m (0.5ms)[0m  [1m[35mCOMMIT[0m
  ↳ /Users/arturogonzalez/.rvm/gems/ruby-2.6.3/gems/rake-13.0.0/lib/rake/task.rb:280
  [1m[35m (0.2ms)[0m  [1m[34mSELECT pg_advisory_unlock(1480092826138518270)[0m
  ↳ /Users/arturogonzalez/.rvm/gems/ruby-2.6.3/gems/rake-13.0.0/lib/rake/task.rb:280
  [1m[35m (0.1ms)[0m  [1m[34mSELECT "schema_migrations"."version" FROM "schema_migrations" ORDER BY "schema_migrations"."version" ASC[0m
  ↳ /Users/arturogonzalez/.rvm/gems/ruby-2.6.3/gems/rake-13.0.0/lib/rake/task.rb:280
Started GET "/" for ::1 at 2019-10-14 17:19:43 -0500
Processing by Rails::WelcomeController#index as HTML
  Rendering /Users/arturogonzalez/.rvm/rubies/ruby-2.6.3/lib/ruby/gems/2.6.0/gems/railties-5.2.3/lib/rails/templates/rails/welcome/index.html.erb
  Rendered /Users/arturogonzalez/.rvm/rubies/ruby-2.6.3/lib/ruby/gems/2.6.0/gems/railties-5.2.3/lib/rails/templates/rails/welcome/index.html.erb (1.9ms)
Completed 200 OK in 15ms (Views: 3.6ms | ActiveRecord: 0.0ms)


  [1m[35m (0.2ms)[0m  [1m[34mSELECT pg_try_advisory_lock(1480092826138518270)[0m
  ↳ /Users/arturogonzalez/.rvm/gems/ruby-2.6.3/gems/rake-13.0.0/lib/rake/task.rb:280
  [1m[35m (0.4ms)[0m  [1m[34mSELECT "schema_migrations"."version" FROM "schema_migrations" ORDER BY "schema_migrations"."version" ASC[0m
  ↳ /Users/arturogonzalez/.rvm/gems/ruby-2.6.3/gems/rake-13.0.0/lib/rake/task.rb:280
Migrating to CreateCourses (20191014223053)
  [1m[35m (0.1ms)[0m  [1m[35mBEGIN[0m
  ↳ /Users/arturogonzalez/.rvm/gems/ruby-2.6.3/gems/rake-13.0.0/lib/rake/task.rb:280
  [1m[35m (0.3ms)[0m  [1m[31mROLLBACK[0m
  ↳ /Users/arturogonzalez/.rvm/gems/ruby-2.6.3/gems/rake-13.0.0/lib/rake/task.rb:280
  [1m[35m (0.2ms)[0m  [1m[34mSELECT pg_advisory_unlock(1480092826138518270)[0m
  ↳ /Users/arturogonzalez/.rvm/gems/ruby-2.6.3/gems/rake-13.0.0/lib/rake/task.rb:280
  [1m[35m (0.2ms)[0m  [1m[34mSELECT pg_try_advisory_lock(1480092826138518270)[0m
  ↳ /Users/arturogonzalez/.rvm/gems/ruby-2.6.3/gems/rake-13.0.0/lib/rake/task.rb:280
  [1m[35m (0.4ms)[0m  [1m[34mSELECT "schema_migrations"."version" FROM "schema_migrations" ORDER BY "schema_migrations"."version" ASC[0m
  ↳ /Users/arturogonzalez/.rvm/gems/ruby-2.6.3/gems/rake-13.0.0/lib/rake/task.rb:280
Migrating to CreateCourses (20191014223053)
  [1m[35m (0.1ms)[0m  [1m[35mBEGIN[0m
  ↳ /Users/arturogonzalez/.rvm/gems/ruby-2.6.3/gems/rake-13.0.0/lib/rake/task.rb:280
  [1m[35m (10.1ms)[0m  [1m[35mCREATE TABLE "courses" ("id" bigserial primary key, "name" character varying, "course_code" character varying, "start_date" date, "end_date" date, "created_at" timestamp NOT NULL, "updated_at" timestamp NOT NULL)[0m
  ↳ db/migrate/20191014223053_create_courses.rb:3
  [1m[36mActiveRecord::SchemaMigration Create (0.3ms)[0m  [1m[32mINSERT INTO "schema_migrations" ("version") VALUES ($1) RETURNING "version"[0m  [["version", "20191014223053"]]
  ↳ /Users/arturogonzalez/.rvm/gems/ruby-2.6.3/gems/rake-13.0.0/lib/rake/task.rb:280
  [1m[35m (0.6ms)[0m  [1m[35mCOMMIT[0m
  ↳ /Users/arturogonzalez/.rvm/gems/ruby-2.6.3/gems/rake-13.0.0/lib/rake/task.rb:280
  [1m[36mActiveRecord::InternalMetadata Load (0.3ms)[0m  [1m[34mSELECT  "ar_internal_metadata".* FROM "ar_internal_metadata" WHERE "ar_internal_metadata"."key" = $1 LIMIT $2[0m  [["key", "environment"], ["LIMIT", 1]]
  ↳ /Users/arturogonzalez/.rvm/gems/ruby-2.6.3/gems/rake-13.0.0/lib/rake/task.rb:280
  [1m[35m (0.1ms)[0m  [1m[35mBEGIN[0m
  ↳ /Users/arturogonzalez/.rvm/gems/ruby-2.6.3/gems/rake-13.0.0/lib/rake/task.rb:280
  [1m[35m (0.1ms)[0m  [1m[35mCOMMIT[0m
  ↳ /Users/arturogonzalez/.rvm/gems/ruby-2.6.3/gems/rake-13.0.0/lib/rake/task.rb:280
  [1m[35m (0.1ms)[0m  [1m[34mSELECT pg_advisory_unlock(1480092826138518270)[0m
  ↳ /Users/arturogonzalez/.rvm/gems/ruby-2.6.3/gems/rake-13.0.0/lib/rake/task.rb:280
  [1m[35m (0.2ms)[0m  [1m[34mSELECT "schema_migrations"."version" FROM "schema_migrations" ORDER BY "schema_migrations"."version" ASC[0m
  ↳ /Users/arturogonzalez/.rvm/gems/ruby-2.6.3/gems/rake-13.0.0/lib/rake/task.rb:280
  [1m[35m (0.4ms)[0m  [1m[34mSELECT "schema_migrations"."version" FROM "schema_migrations" ORDER BY "schema_migrations"."version" ASC[0m
  ↳ /Users/arturogonzalez/.rvm/gems/ruby-2.6.3/gems/rake-13.0.0/lib/rake/task.rb:280
  [1m[35m (0.2ms)[0m  [1m[34mSELECT "schema_migrations"."version" FROM "schema_migrations" ORDER BY "schema_migrations"."version" ASC[0m
  ↳ /Users/arturogonzalez/.rvm/gems/ruby-2.6.3/gems/rake-13.0.0/lib/rake/task.rb:280
  [1m[35m (0.1ms)[0m  [1m[34mSELECT "schema_migrations"."version" FROM "schema_migrations" ORDER BY "schema_migrations"."version" ASC[0m
  ↳ /Users/arturogonzalez/.rvm/gems/ruby-2.6.3/gems/rake-13.0.0/lib/rake/task.rb:280
  [1m[35m (0.1ms)[0m  [1m[34mSELECT pg_try_advisory_lock(1480092826138518270)[0m
  ↳ /Users/arturogonzalez/.rvm/gems/ruby-2.6.3/gems/rake-13.0.0/lib/rake/task.rb:280
  [1m[35m (0.2ms)[0m  [1m[34mSELECT "schema_migrations"."version" FROM "schema_migrations" ORDER BY "schema_migrations"."version" ASC[0m
  ↳ /Users/arturogonzalez/.rvm/gems/ruby-2.6.3/gems/rake-13.0.0/lib/rake/task.rb:280
Migrating to CreateCourses (20191014223053)
  [1m[35m (0.1ms)[0m  [1m[35mBEGIN[0m
  ↳ /Users/arturogonzalez/.rvm/gems/ruby-2.6.3/gems/rake-13.0.0/lib/rake/task.rb:280
  [1m[35m (1.6ms)[0m  [1m[35mDROP TABLE "courses"[0m
  ↳ /Users/arturogonzalez/.rvm/gems/ruby-2.6.3/gems/rake-13.0.0/lib/rake/task.rb:280
  [1m[36mActiveRecord::SchemaMigration Destroy (0.8ms)[0m  [1m[31mDELETE FROM "schema_migrations" WHERE "schema_migrations"."version" = $1[0m  [["version", "20191014223053"]]
  ↳ /Users/arturogonzalez/.rvm/gems/ruby-2.6.3/gems/rake-13.0.0/lib/rake/task.rb:280
  [1m[35m (1.4ms)[0m  [1m[35mCOMMIT[0m
  ↳ /Users/arturogonzalez/.rvm/gems/ruby-2.6.3/gems/rake-13.0.0/lib/rake/task.rb:280
  [1m[35m (0.2ms)[0m  [1m[34mSELECT pg_advisory_unlock(1480092826138518270)[0m
  ↳ /Users/arturogonzalez/.rvm/gems/ruby-2.6.3/gems/rake-13.0.0/lib/rake/task.rb:280
  [1m[35m (0.1ms)[0m  [1m[34mSELECT "schema_migrations"."version" FROM "schema_migrations" ORDER BY "schema_migrations"."version" ASC[0m
  ↳ /Users/arturogonzalez/.rvm/gems/ruby-2.6.3/gems/rake-13.0.0/lib/rake/task.rb:280
  [1m[35m (0.1ms)[0m  [1m[34mSELECT pg_try_advisory_lock(1480092826138518270)[0m
  ↳ /Users/arturogonzalez/.rvm/gems/ruby-2.6.3/gems/rake-13.0.0/lib/rake/task.rb:280
  [1m[35m (0.7ms)[0m  [1m[34mSELECT "schema_migrations"."version" FROM "schema_migrations" ORDER BY "schema_migrations"."version" ASC[0m
  ↳ /Users/arturogonzalez/.rvm/gems/ruby-2.6.3/gems/rake-13.0.0/lib/rake/task.rb:280
Migrating to CreateCourses (20191014223053)
  [1m[35m (0.2ms)[0m  [1m[35mBEGIN[0m
  ↳ /Users/arturogonzalez/.rvm/gems/ruby-2.6.3/gems/rake-13.0.0/lib/rake/task.rb:280
  [1m[35m (5.7ms)[0m  [1m[35mCREATE TABLE "courses" ("id" bigserial primary key, "name" character varying, "course_code" character varying, "start_date" date, "end_date" date, "created_at" timestamp NOT NULL, "updated_at" timestamp NOT NULL)[0m
  ↳ db/migrate/20191014223053_create_courses.rb:3
  [1m[36mActiveRecord::SchemaMigration Create (0.6ms)[0m  [1m[32mINSERT INTO "schema_migrations" ("version") VALUES ($1) RETURNING "version"[0m  [["version", "20191014223053"]]
  ↳ /Users/arturogonzalez/.rvm/gems/ruby-2.6.3/gems/rake-13.0.0/lib/rake/task.rb:280
  [1m[35m (1.2ms)[0m  [1m[35mCOMMIT[0m
  ↳ /Users/arturogonzalez/.rvm/gems/ruby-2.6.3/gems/rake-13.0.0/lib/rake/task.rb:280
  [1m[36mActiveRecord::InternalMetadata Load (0.3ms)[0m  [1m[34mSELECT  "ar_internal_metadata".* FROM "ar_internal_metadata" WHERE "ar_internal_metadata"."key" = $1 LIMIT $2[0m  [["key", "environment"], ["LIMIT", 1]]
  ↳ /Users/arturogonzalez/.rvm/gems/ruby-2.6.3/gems/rake-13.0.0/lib/rake/task.rb:280
  [1m[35m (0.1ms)[0m  [1m[35mBEGIN[0m
  ↳ /Users/arturogonzalez/.rvm/gems/ruby-2.6.3/gems/rake-13.0.0/lib/rake/task.rb:280
  [1m[35m (0.1ms)[0m  [1m[35mCOMMIT[0m
  ↳ /Users/arturogonzalez/.rvm/gems/ruby-2.6.3/gems/rake-13.0.0/lib/rake/task.rb:280
  [1m[35m (0.1ms)[0m  [1m[34mSELECT pg_advisory_unlock(1480092826138518270)[0m
  ↳ /Users/arturogonzalez/.rvm/gems/ruby-2.6.3/gems/rake-13.0.0/lib/rake/task.rb:280
  [1m[35m (0.2ms)[0m  [1m[34mSELECT "schema_migrations"."version" FROM "schema_migrations" ORDER BY "schema_migrations"."version" ASC[0m
  ↳ /Users/arturogonzalez/.rvm/gems/ruby-2.6.3/gems/rake-13.0.0/lib/rake/task.rb:280
Started GET "/" for ::1 at 2019-10-15 18:55:33 -0500
  
PG::ConnectionBad (could not connect to server: No such file or directory
	Is the server running locally and accepting
	connections on Unix domain socket "/tmp/.s.PGSQL.5432"?
):
  
pg (1.1.4) lib/pg.rb:56:in `initialize'
pg (1.1.4) lib/pg.rb:56:in `new'
pg (1.1.4) lib/pg.rb:56:in `connect'
activerecord (5.2.3) lib/active_record/connection_adapters/postgresql_adapter.rb:692:in `connect'
activerecord (5.2.3) lib/active_record/connection_adapters/postgresql_adapter.rb:223:in `initialize'
activerecord (5.2.3) lib/active_record/connection_adapters/postgresql_adapter.rb:48:in `new'
activerecord (5.2.3) lib/active_record/connection_adapters/postgresql_adapter.rb:48:in `postgresql_connection'
activerecord (5.2.3) lib/active_record/connection_adapters/abstract/connection_pool.rb:811:in `new_connection'
activerecord (5.2.3) lib/active_record/connection_adapters/abstract/connection_pool.rb:855:in `checkout_new_connection'
activerecord (5.2.3) lib/active_record/connection_adapters/abstract/connection_pool.rb:834:in `try_to_checkout_new_connection'
activerecord (5.2.3) lib/active_record/connection_adapters/abstract/connection_pool.rb:795:in `acquire_connection'
activerecord (5.2.3) lib/active_record/connection_adapters/abstract/connection_pool.rb:523:in `checkout'
activerecord (5.2.3) lib/active_record/connection_adapters/abstract/connection_pool.rb:382:in `connection'
activerecord (5.2.3) lib/active_record/connection_adapters/abstract/connection_pool.rb:1014:in `retrieve_connection'
activerecord (5.2.3) lib/active_record/connection_handling.rb:118:in `retrieve_connection'
activerecord (5.2.3) lib/active_record/connection_handling.rb:90:in `connection'
activerecord (5.2.3) lib/active_record/migration.rb:554:in `call'
actionpack (5.2.3) lib/action_dispatch/middleware/callbacks.rb:28:in `block in call'
activesupport (5.2.3) lib/active_support/callbacks.rb:98:in `run_callbacks'
actionpack (5.2.3) lib/action_dispatch/middleware/callbacks.rb:26:in `call'
actionpack (5.2.3) lib/action_dispatch/middleware/executor.rb:14:in `call'
actionpack (5.2.3) lib/action_dispatch/middleware/debug_exceptions.rb:61:in `call'
web-console (3.7.0) lib/web_console/middleware.rb:135:in `call_app'
web-console (3.7.0) lib/web_console/middleware.rb:30:in `block in call'
web-console (3.7.0) lib/web_console/middleware.rb:20:in `catch'
web-console (3.7.0) lib/web_console/middleware.rb:20:in `call'
actionpack (5.2.3) lib/action_dispatch/middleware/show_exceptions.rb:33:in `call'
railties (5.2.3) lib/rails/rack/logger.rb:38:in `call_app'
railties (5.2.3) lib/rails/rack/logger.rb:26:in `block in call'
activesupport (5.2.3) lib/active_support/tagged_logging.rb:71:in `block in tagged'
activesupport (5.2.3) lib/active_support/tagged_logging.rb:28:in `tagged'
activesupport (5.2.3) lib/active_support/tagged_logging.rb:71:in `tagged'
railties (5.2.3) lib/rails/rack/logger.rb:26:in `call'
sprockets-rails (3.2.1) lib/sprockets/rails/quiet_assets.rb:13:in `call'
actionpack (5.2.3) lib/action_dispatch/middleware/remote_ip.rb:81:in `call'
actionpack (5.2.3) lib/action_dispatch/middleware/request_id.rb:27:in `call'
rack (2.0.7) lib/rack/method_override.rb:22:in `call'
rack (2.0.7) lib/rack/runtime.rb:22:in `call'
activesupport (5.2.3) lib/active_support/cache/strategy/local_cache_middleware.rb:29:in `call'
actionpack (5.2.3) lib/action_dispatch/middleware/executor.rb:14:in `call'
actionpack (5.2.3) lib/action_dispatch/middleware/static.rb:127:in `call'
rack (2.0.7) lib/rack/sendfile.rb:111:in `call'
railties (5.2.3) lib/rails/engine.rb:524:in `call'
puma (3.12.1) lib/puma/configuration.rb:227:in `call'
puma (3.12.1) lib/puma/server.rb:660:in `handle_request'
puma (3.12.1) lib/puma/server.rb:474:in `process_client'
puma (3.12.1) lib/puma/server.rb:334:in `block in run'
puma (3.12.1) lib/puma/thread_pool.rb:135:in `block in spawn_thread'
  [1m[35m (0.4ms)[0m  [1m[34mSELECT "schema_migrations"."version" FROM "schema_migrations" ORDER BY "schema_migrations"."version" ASC[0m
  ↳ /Users/arturogonzalez/.rvm/gems/ruby-2.6.3/gems/rake-13.0.0/lib/rake/task.rb:280
  [1m[35m (0.2ms)[0m  [1m[34mSELECT pg_try_advisory_lock(1480092826138518270)[0m
  ↳ /Users/arturogonzalez/.rvm/gems/ruby-2.6.3/gems/rake-13.0.0/lib/rake/task.rb:280
  [1m[35m (0.4ms)[0m  [1m[34mSELECT "schema_migrations"."version" FROM "schema_migrations" ORDER BY "schema_migrations"."version" ASC[0m
  ↳ /Users/arturogonzalez/.rvm/gems/ruby-2.6.3/gems/rake-13.0.0/lib/rake/task.rb:280
Migrating to CreateCourses (20191014223053)
  [1m[35m (0.2ms)[0m  [1m[35mBEGIN[0m
  ↳ /Users/arturogonzalez/.rvm/gems/ruby-2.6.3/gems/rake-13.0.0/lib/rake/task.rb:280
  [1m[35m (6.9ms)[0m  [1m[35mCREATE TABLE "courses" ("id" bigserial primary key, "name" character varying, "course_code" character varying, "start_date" date, "end_date" date, "created_at" timestamp NOT NULL, "updated_at" timestamp NOT NULL)[0m
  ↳ db/migrate/20191014223053_create_courses.rb:3
  [1m[36mActiveRecord::SchemaMigration Create (0.3ms)[0m  [1m[32mINSERT INTO "schema_migrations" ("version") VALUES ($1) RETURNING "version"[0m  [["version", "20191014223053"]]
  ↳ /Users/arturogonzalez/.rvm/gems/ruby-2.6.3/gems/rake-13.0.0/lib/rake/task.rb:280
  [1m[35m (0.6ms)[0m  [1m[35mCOMMIT[0m
  ↳ /Users/arturogonzalez/.rvm/gems/ruby-2.6.3/gems/rake-13.0.0/lib/rake/task.rb:280
Migrating to CreateStudents (20191016002012)
  [1m[35m (0.2ms)[0m  [1m[35mBEGIN[0m
  ↳ /Users/arturogonzalez/.rvm/gems/ruby-2.6.3/gems/rake-13.0.0/lib/rake/task.rb:280
  [1m[35m (2.8ms)[0m  [1m[35mCREATE TABLE "students" ("id" bigserial primary key, "username" character varying, "internal_password" character varying, "name" character varying, "first_last_name" character varying, "second_last_name" character varying, "email" character varying, "country" character varying, "state" character varying, "city" character varying, "partner" character varying, "organization_code" character varying, "gender" integer, "dob" date, "phone_number" character varying, "language" character varying, "created_at" timestamp NOT NULL, "updated_at" timestamp NOT NULL)[0m
  ↳ db/migrate/20191016002012_create_students.rb:3
  [1m[36mActiveRecord::SchemaMigration Create (0.2ms)[0m  [1m[32mINSERT INTO "schema_migrations" ("version") VALUES ($1) RETURNING "version"[0m  [["version", "20191016002012"]]
  ↳ /Users/arturogonzalez/.rvm/gems/ruby-2.6.3/gems/rake-13.0.0/lib/rake/task.rb:280
  [1m[35m (0.5ms)[0m  [1m[35mCOMMIT[0m
  ↳ /Users/arturogonzalez/.rvm/gems/ruby-2.6.3/gems/rake-13.0.0/lib/rake/task.rb:280
Migrating to CreateTutors (20191016003811)
  [1m[35m (0.3ms)[0m  [1m[35mBEGIN[0m
  ↳ /Users/arturogonzalez/.rvm/gems/ruby-2.6.3/gems/rake-13.0.0/lib/rake/task.rb:280
  [1m[35m (2.4ms)[0m  [1m[35mCREATE TABLE "tutors" ("id" bigserial primary key, "username" character varying, "internal_password" character varying, "name" character varying, "first_last_name" character varying, "second_last_name" character varying, "email" character varying, "country" character varying, "state" character varying, "city" character varying, "partner" character varying, "organization_code" character varying, "gender" integer, "dob" date, "phone_number" character varying, "language" character varying, "created_at" timestamp NOT NULL, "updated_at" timestamp NOT NULL)[0m
  ↳ db/migrate/20191016003811_create_tutors.rb:3
  [1m[36mActiveRecord::SchemaMigration Create (0.2ms)[0m  [1m[32mINSERT INTO "schema_migrations" ("version") VALUES ($1) RETURNING "version"[0m  [["version", "20191016003811"]]
  ↳ /Users/arturogonzalez/.rvm/gems/ruby-2.6.3/gems/rake-13.0.0/lib/rake/task.rb:280
  [1m[35m (0.4ms)[0m  [1m[35mCOMMIT[0m
  ↳ /Users/arturogonzalez/.rvm/gems/ruby-2.6.3/gems/rake-13.0.0/lib/rake/task.rb:280
Migrating to CreateSupervisors (20191016004042)
  [1m[35m (0.3ms)[0m  [1m[35mBEGIN[0m
  ↳ /Users/arturogonzalez/.rvm/gems/ruby-2.6.3/gems/rake-13.0.0/lib/rake/task.rb:280
  [1m[35m (2.5ms)[0m  [1m[35mCREATE TABLE "supervisors" ("id" bigserial primary key, "username" character varying, "internal_password" character varying, "name" character varying, "first_last_name" character varying, "second_last_name" character varying, "email" character varying, "country" character varying, "state" character varying, "city" character varying, "partner" character varying, "organization_code" character varying, "gender" integer, "dob" date, "phone_number" character varying, "language" character varying, "created_at" timestamp NOT NULL, "updated_at" timestamp NOT NULL)[0m
  ↳ db/migrate/20191016004042_create_supervisors.rb:3
  [1m[36mActiveRecord::SchemaMigration Create (0.2ms)[0m  [1m[32mINSERT INTO "schema_migrations" ("version") VALUES ($1) RETURNING "version"[0m  [["version", "20191016004042"]]
  ↳ /Users/arturogonzalez/.rvm/gems/ruby-2.6.3/gems/rake-13.0.0/lib/rake/task.rb:280
  [1m[35m (0.4ms)[0m  [1m[35mCOMMIT[0m
  ↳ /Users/arturogonzalez/.rvm/gems/ruby-2.6.3/gems/rake-13.0.0/lib/rake/task.rb:280
Migrating to CreateCoordinators (20191016004112)
  [1m[35m (0.4ms)[0m  [1m[35mBEGIN[0m
  ↳ /Users/arturogonzalez/.rvm/gems/ruby-2.6.3/gems/rake-13.0.0/lib/rake/task.rb:280
  [1m[35m (3.1ms)[0m  [1m[35mCREATE TABLE "coordinators" ("id" bigserial primary key, "username" character varying, "internal_password" character varying, "name" character varying, "first_last_name" character varying, "second_last_name" character varying, "email" character varying, "country" character varying, "state" character varying, "city" character varying, "partner" character varying, "organization_code" character varying, "gender" integer, "dob" date, "phone_number" character varying, "language" character varying, "created_at" timestamp NOT NULL, "updated_at" timestamp NOT NULL)[0m
  ↳ db/migrate/20191016004112_create_coordinators.rb:3
  [1m[36mActiveRecord::SchemaMigration Create (0.2ms)[0m  [1m[32mINSERT INTO "schema_migrations" ("version") VALUES ($1) RETURNING "version"[0m  [["version", "20191016004112"]]
  ↳ /Users/arturogonzalez/.rvm/gems/ruby-2.6.3/gems/rake-13.0.0/lib/rake/task.rb:280
  [1m[35m (0.4ms)[0m  [1m[35mCOMMIT[0m
  ↳ /Users/arturogonzalez/.rvm/gems/ruby-2.6.3/gems/rake-13.0.0/lib/rake/task.rb:280
Migrating to CreateStakeholders (20191016004149)
  [1m[35m (0.2ms)[0m  [1m[35mBEGIN[0m
  ↳ /Users/arturogonzalez/.rvm/gems/ruby-2.6.3/gems/rake-13.0.0/lib/rake/task.rb:280
  [1m[35m (3.0ms)[0m  [1m[35mCREATE TABLE "stakeholders" ("id" bigserial primary key, "username" character varying, "internal_password" character varying, "name" character varying, "first_last_name" character varying, "second_last_name" character varying, "email" character varying, "country" character varying, "state" character varying, "city" character varying, "partner" character varying, "organization_code" character varying, "gender" integer, "dob" date, "phone_number" character varying, "language" character varying, "created_at" timestamp NOT NULL, "updated_at" timestamp NOT NULL)[0m
  ↳ db/migrate/20191016004149_create_stakeholders.rb:3
  [1m[36mActiveRecord::SchemaMigration Create (0.5ms)[0m  [1m[32mINSERT INTO "schema_migrations" ("version") VALUES ($1) RETURNING "version"[0m  [["version", "20191016004149"]]
  ↳ /Users/arturogonzalez/.rvm/gems/ruby-2.6.3/gems/rake-13.0.0/lib/rake/task.rb:280
  [1m[35m (1.7ms)[0m  [1m[35mCOMMIT[0m
  ↳ /Users/arturogonzalez/.rvm/gems/ruby-2.6.3/gems/rake-13.0.0/lib/rake/task.rb:280
Migrating to CreateJoinTableCoursesStudents (20191016014246)
  [1m[35m (1.7ms)[0m  [1m[35mBEGIN[0m
  ↳ /Users/arturogonzalez/.rvm/gems/ruby-2.6.3/gems/rake-13.0.0/lib/rake/task.rb:280
  [1m[35m (3.0ms)[0m  [1m[35mCREATE TABLE "courses_students" ("course_id" bigint NOT NULL, "student_id" bigint NOT NULL)[0m
  ↳ db/migrate/20191016014246_create_join_table_courses_students.rb:3
  [1m[35m (3.6ms)[0m  [1m[35mCREATE  INDEX  "index_courses_students_on_course_id_and_student_id" ON "courses_students"  ("course_id", "student_id")[0m
  ↳ db/migrate/20191016014246_create_join_table_courses_students.rb:3
  [1m[35m (0.9ms)[0m  [1m[35mCREATE  INDEX  "index_courses_students_on_student_id_and_course_id" ON "courses_students"  ("student_id", "course_id")[0m
  ↳ db/migrate/20191016014246_create_join_table_courses_students.rb:3
  [1m[36mActiveRecord::SchemaMigration Create (0.2ms)[0m  [1m[32mINSERT INTO "schema_migrations" ("version") VALUES ($1) RETURNING "version"[0m  [["version", "20191016014246"]]
  ↳ /Users/arturogonzalez/.rvm/gems/ruby-2.6.3/gems/rake-13.0.0/lib/rake/task.rb:280
  [1m[35m (0.3ms)[0m  [1m[35mCOMMIT[0m
  ↳ /Users/arturogonzalez/.rvm/gems/ruby-2.6.3/gems/rake-13.0.0/lib/rake/task.rb:280
  [1m[36mActiveRecord::InternalMetadata Load (0.3ms)[0m  [1m[34mSELECT  "ar_internal_metadata".* FROM "ar_internal_metadata" WHERE "ar_internal_metadata"."key" = $1 LIMIT $2[0m  [["key", "environment"], ["LIMIT", 1]]
  ↳ /Users/arturogonzalez/.rvm/gems/ruby-2.6.3/gems/rake-13.0.0/lib/rake/task.rb:280
  [1m[35m (0.1ms)[0m  [1m[35mBEGIN[0m
  ↳ /Users/arturogonzalez/.rvm/gems/ruby-2.6.3/gems/rake-13.0.0/lib/rake/task.rb:280
  [1m[35m (0.1ms)[0m  [1m[35mCOMMIT[0m
  ↳ /Users/arturogonzalez/.rvm/gems/ruby-2.6.3/gems/rake-13.0.0/lib/rake/task.rb:280
  [1m[35m (0.2ms)[0m  [1m[34mSELECT pg_advisory_unlock(1480092826138518270)[0m
  ↳ /Users/arturogonzalez/.rvm/gems/ruby-2.6.3/gems/rake-13.0.0/lib/rake/task.rb:280
  [1m[35m (0.2ms)[0m  [1m[34mSELECT "schema_migrations"."version" FROM "schema_migrations" ORDER BY "schema_migrations"."version" ASC[0m
  ↳ /Users/arturogonzalez/.rvm/gems/ruby-2.6.3/gems/rake-13.0.0/lib/rake/task.rb:280
  [1m[35m (0.2ms)[0m  [1m[34mSELECT pg_try_advisory_lock(1480092826138518270)[0m
  ↳ /Users/arturogonzalez/.rvm/gems/ruby-2.6.3/gems/rake-13.0.0/lib/rake/task.rb:280
  [1m[35m (0.6ms)[0m  [1m[34mSELECT "schema_migrations"."version" FROM "schema_migrations" ORDER BY "schema_migrations"."version" ASC[0m
  ↳ /Users/arturogonzalez/.rvm/gems/ruby-2.6.3/gems/rake-13.0.0/lib/rake/task.rb:280
  [1m[36mActiveRecord::InternalMetadata Load (0.3ms)[0m  [1m[34mSELECT  "ar_internal_metadata".* FROM "ar_internal_metadata" WHERE "ar_internal_metadata"."key" = $1 LIMIT $2[0m  [["key", "environment"], ["LIMIT", 1]]
  ↳ /Users/arturogonzalez/.rvm/gems/ruby-2.6.3/gems/rake-13.0.0/lib/rake/task.rb:280
  [1m[35m (0.1ms)[0m  [1m[35mBEGIN[0m
  ↳ /Users/arturogonzalez/.rvm/gems/ruby-2.6.3/gems/rake-13.0.0/lib/rake/task.rb:280
  [1m[35m (0.1ms)[0m  [1m[35mCOMMIT[0m
  ↳ /Users/arturogonzalez/.rvm/gems/ruby-2.6.3/gems/rake-13.0.0/lib/rake/task.rb:280
  [1m[35m (0.2ms)[0m  [1m[34mSELECT pg_advisory_unlock(1480092826138518270)[0m
  ↳ /Users/arturogonzalez/.rvm/gems/ruby-2.6.3/gems/rake-13.0.0/lib/rake/task.rb:280
  [1m[35m (0.1ms)[0m  [1m[34mSELECT "schema_migrations"."version" FROM "schema_migrations" ORDER BY "schema_migrations"."version" ASC[0m
  ↳ /Users/arturogonzalez/.rvm/gems/ruby-2.6.3/gems/rake-13.0.0/lib/rake/task.rb:280
  [1m[35m (0.8ms)[0m  [1m[34mSELECT "schema_migrations"."version" FROM "schema_migrations" ORDER BY "schema_migrations"."version" ASC[0m
  ↳ /Users/arturogonzalez/.rvm/gems/ruby-2.6.3/gems/rake-13.0.0/lib/rake/task.rb:280
  [1m[35m (0.4ms)[0m  [1m[34mSELECT "schema_migrations"."version" FROM "schema_migrations" ORDER BY "schema_migrations"."version" ASC[0m
  ↳ /Users/arturogonzalez/.rvm/gems/ruby-2.6.3/gems/rake-13.0.0/lib/rake/task.rb:280
  [1m[35m (0.3ms)[0m  [1m[34mSELECT "ar_internal_metadata"."value" FROM "ar_internal_metadata" WHERE "ar_internal_metadata"."key" = $1[0m  [["key", "environment"]]
  ↳ /Users/arturogonzalez/.rvm/gems/ruby-2.6.3/gems/rake-13.0.0/lib/rake/task.rb:280
  [1m[35m (0.2ms)[0m  [1m[34mSELECT "schema_migrations"."version" FROM "schema_migrations" ORDER BY "schema_migrations"."version" ASC[0m
  ↳ /Users/arturogonzalez/.rvm/gems/ruby-2.6.3/gems/rake-13.0.0/lib/rake/task.rb:280
  [1m[35m (0.2ms)[0m  [1m[34mSELECT "ar_internal_metadata"."value" FROM "ar_internal_metadata" WHERE "ar_internal_metadata"."key" = $1[0m  [["key", "environment"]]
  ↳ /Users/arturogonzalez/.rvm/gems/ruby-2.6.3/gems/rake-13.0.0/lib/rake/task.rb:280
  [1m[35m (0.1ms)[0m  [1m[34mSELECT "schema_migrations"."version" FROM "schema_migrations" ORDER BY "schema_migrations"."version" ASC[0m
  ↳ /Users/arturogonzalez/.rvm/gems/ruby-2.6.3/gems/rake-13.0.0/lib/rake/task.rb:280
  [1m[35m (0.1ms)[0m  [1m[34mSELECT "ar_internal_metadata"."value" FROM "ar_internal_metadata" WHERE "ar_internal_metadata"."key" = $1[0m  [["key", "environment"]]
  ↳ /Users/arturogonzalez/.rvm/gems/ruby-2.6.3/gems/rake-13.0.0/lib/rake/task.rb:280
  [1m[35m (135.5ms)[0m  [1m[35mDROP DATABASE IF EXISTS "tutor-virtual-2_development"[0m
  ↳ /Users/arturogonzalez/.rvm/gems/ruby-2.6.3/gems/rake-13.0.0/lib/rake/task.rb:280
  [1m[35m (134.6ms)[0m  [1m[35mDROP DATABASE IF EXISTS "tutor-virtual-2_test"[0m
  ↳ /Users/arturogonzalez/.rvm/gems/ruby-2.6.3/gems/rake-13.0.0/lib/rake/task.rb:280
  [1m[35m (272.3ms)[0m  [1m[35mCREATE DATABASE "tutor-virtual-2_development" ENCODING = 'unicode'[0m
  ↳ /Users/arturogonzalez/.rvm/gems/ruby-2.6.3/gems/rake-13.0.0/lib/rake/task.rb:280
  [1m[35m (270.9ms)[0m  [1m[35mCREATE DATABASE "tutor-virtual-2_test" ENCODING = 'unicode'[0m
  ↳ /Users/arturogonzalez/.rvm/gems/ruby-2.6.3/gems/rake-13.0.0/lib/rake/task.rb:280
  [1m[35mSQL (0.3ms)[0m  [1m[35mCREATE EXTENSION IF NOT EXISTS "plpgsql"[0m
  ↳ db/schema.rb:16
  [1m[35m (0.2ms)[0m  [1m[35mDROP TABLE IF EXISTS "coordinators" CASCADE[0m
  ↳ db/schema.rb:18
  [1m[35m (4.7ms)[0m  [1m[35mCREATE TABLE "coordinators" ("id" bigserial primary key, "username" character varying, "internal_password" character varying, "name" character varying, "first_last_name" character varying, "second_last_name" character varying, "email" character varying, "country" character varying, "state" character varying, "city" character varying, "partner" character varying, "organization_code" character varying, "gender" integer, "dob" date, "phone_number" character varying, "language" character varying, "created_at" timestamp NOT NULL, "updated_at" timestamp NOT NULL)[0m
  ↳ db/schema.rb:18
  [1m[35m (0.4ms)[0m  [1m[35mDROP TABLE IF EXISTS "courses" CASCADE[0m
  ↳ db/schema.rb:38
  [1m[35m (2.4ms)[0m  [1m[35mCREATE TABLE "courses" ("id" bigserial primary key, "name" character varying, "course_code" character varying, "start_date" date, "end_date" date, "created_at" timestamp NOT NULL, "updated_at" timestamp NOT NULL)[0m
  ↳ db/schema.rb:38
  [1m[35m (0.2ms)[0m  [1m[35mDROP TABLE IF EXISTS "courses_students" CASCADE[0m
  ↳ db/schema.rb:47
  [1m[35m (0.7ms)[0m  [1m[35mCREATE TABLE "courses_students" ("course_id" bigint NOT NULL, "student_id" bigint NOT NULL)[0m
  ↳ db/schema.rb:47
  [1m[35m (1.2ms)[0m  [1m[35mCREATE  INDEX  "index_courses_students_on_course_id_and_student_id" ON "courses_students"  ("course_id", "student_id")[0m
  ↳ db/schema.rb:47
  [1m[35m (1.1ms)[0m  [1m[35mCREATE  INDEX  "index_courses_students_on_student_id_and_course_id" ON "courses_students"  ("student_id", "course_id")[0m
  ↳ db/schema.rb:47
  [1m[35m (0.2ms)[0m  [1m[35mDROP TABLE IF EXISTS "stakeholders" CASCADE[0m
  ↳ db/schema.rb:54
  [1m[35m (3.2ms)[0m  [1m[35mCREATE TABLE "stakeholders" ("id" bigserial primary key, "username" character varying, "internal_password" character varying, "name" character varying, "first_last_name" character varying, "second_last_name" character varying, "email" character varying, "country" character varying, "state" character varying, "city" character varying, "partner" character varying, "organization_code" character varying, "gender" integer, "dob" date, "phone_number" character varying, "language" character varying, "created_at" timestamp NOT NULL, "updated_at" timestamp NOT NULL)[0m
  ↳ db/schema.rb:54
  [1m[35m (0.4ms)[0m  [1m[35mDROP TABLE IF EXISTS "students" CASCADE[0m
  ↳ db/schema.rb:74
  [1m[35m (3.1ms)[0m  [1m[35mCREATE TABLE "students" ("id" bigserial primary key, "username" character varying, "internal_password" character varying, "name" character varying, "first_last_name" character varying, "second_last_name" character varying, "email" character varying, "country" character varying, "state" character varying, "city" character varying, "partner" character varying, "organization_code" character varying, "gender" integer, "dob" date, "phone_number" character varying, "language" character varying, "created_at" timestamp NOT NULL, "updated_at" timestamp NOT NULL)[0m
  ↳ db/schema.rb:74
  [1m[35m (0.4ms)[0m  [1m[35mDROP TABLE IF EXISTS "supervisors" CASCADE[0m
  ↳ db/schema.rb:94
  [1m[35m (4.2ms)[0m  [1m[35mCREATE TABLE "supervisors" ("id" bigserial primary key, "username" character varying, "internal_password" character varying, "name" character varying, "first_last_name" character varying, "second_last_name" character varying, "email" character varying, "country" character varying, "state" character varying, "city" character varying, "partner" character varying, "organization_code" character varying, "gender" integer, "dob" date, "phone_number" character varying, "language" character varying, "created_at" timestamp NOT NULL, "updated_at" timestamp NOT NULL)[0m
  ↳ db/schema.rb:94
  [1m[35m (0.7ms)[0m  [1m[35mDROP TABLE IF EXISTS "tutors" CASCADE[0m
  ↳ db/schema.rb:114
  [1m[35m (5.8ms)[0m  [1m[35mCREATE TABLE "tutors" ("id" bigserial primary key, "username" character varying, "internal_password" character varying, "name" character varying, "first_last_name" character varying, "second_last_name" character varying, "email" character varying, "country" character varying, "state" character varying, "city" character varying, "partner" character varying, "organization_code" character varying, "gender" integer, "dob" date, "phone_number" character varying, "language" character varying, "created_at" timestamp NOT NULL, "updated_at" timestamp NOT NULL)[0m
  ↳ db/schema.rb:114
  [1m[35m (3.0ms)[0m  [1m[35mCREATE TABLE "schema_migrations" ("version" character varying NOT NULL PRIMARY KEY)[0m
  ↳ db/schema.rb:13
  [1m[35m (0.8ms)[0m  [1m[34mSELECT "schema_migrations"."version" FROM "schema_migrations" ORDER BY "schema_migrations"."version" ASC[0m
  ↳ db/schema.rb:13
  [1m[35m (1.4ms)[0m  [1m[32mINSERT INTO "schema_migrations" (version) VALUES (20191016014246)[0m
  ↳ db/schema.rb:13
  [1m[35m (2.8ms)[0m  [1m[32mINSERT INTO "schema_migrations" (version) VALUES
(20191016004042),
(20191016004112),
(20191016004149),
(20191014223053),
(20191016003811),
(20191016002012);

[0m
  ↳ db/schema.rb:13
  [1m[35m (2.7ms)[0m  [1m[35mCREATE TABLE "ar_internal_metadata" ("key" character varying NOT NULL PRIMARY KEY, "value" character varying, "created_at" timestamp NOT NULL, "updated_at" timestamp NOT NULL)[0m
  ↳ db/schema.rb:13
  [1m[36mActiveRecord::InternalMetadata Load (0.8ms)[0m  [1m[34mSELECT  "ar_internal_metadata".* FROM "ar_internal_metadata" WHERE "ar_internal_metadata"."key" = $1 LIMIT $2[0m  [["key", "environment"], ["LIMIT", 1]]
  ↳ db/schema.rb:13
  [1m[35m (0.8ms)[0m  [1m[35mBEGIN[0m
  ↳ db/schema.rb:13
  [1m[36mActiveRecord::InternalMetadata Create (1.5ms)[0m  [1m[32mINSERT INTO "ar_internal_metadata" ("key", "value", "created_at", "updated_at") VALUES ($1, $2, $3, $4) RETURNING "key"[0m  [["key", "environment"], ["value", "development"], ["created_at", "2019-10-16 01:49:36.630292"], ["updated_at", "2019-10-16 01:49:36.630292"]]
  ↳ db/schema.rb:13
  [1m[35m (0.6ms)[0m  [1m[35mCOMMIT[0m
  ↳ db/schema.rb:13
  [1m[36mActiveRecord::InternalMetadata Load (0.2ms)[0m  [1m[34mSELECT  "ar_internal_metadata".* FROM "ar_internal_metadata" WHERE "ar_internal_metadata"."key" = $1 LIMIT $2[0m  [["key", "environment"], ["LIMIT", 1]]
  ↳ /Users/arturogonzalez/.rvm/gems/ruby-2.6.3/gems/rake-13.0.0/lib/rake/task.rb:280
  [1m[35m (0.2ms)[0m  [1m[35mBEGIN[0m
  ↳ /Users/arturogonzalez/.rvm/gems/ruby-2.6.3/gems/rake-13.0.0/lib/rake/task.rb:280
  [1m[35m (0.2ms)[0m  [1m[35mCOMMIT[0m
  ↳ /Users/arturogonzalez/.rvm/gems/ruby-2.6.3/gems/rake-13.0.0/lib/rake/task.rb:280
  [1m[35mSQL (0.4ms)[0m  [1m[35mCREATE EXTENSION IF NOT EXISTS "plpgsql"[0m
  ↳ db/schema.rb:16
  [1m[35m (0.2ms)[0m  [1m[35mDROP TABLE IF EXISTS "coordinators" CASCADE[0m
  ↳ db/schema.rb:18
  [1m[35m (5.9ms)[0m  [1m[35mCREATE TABLE "coordinators" ("id" bigserial primary key, "username" character varying, "internal_password" character varying, "name" character varying, "first_last_name" character varying, "second_last_name" character varying, "email" character varying, "country" character varying, "state" character varying, "city" character varying, "partner" character varying, "organization_code" character varying, "gender" integer, "dob" date, "phone_number" character varying, "language" character varying, "created_at" timestamp NOT NULL, "updated_at" timestamp NOT NULL)[0m
  ↳ db/schema.rb:18
  [1m[35m (0.4ms)[0m  [1m[35mDROP TABLE IF EXISTS "courses" CASCADE[0m
  ↳ db/schema.rb:38
  [1m[35m (3.2ms)[0m  [1m[35mCREATE TABLE "courses" ("id" bigserial primary key, "name" character varying, "course_code" character varying, "start_date" date, "end_date" date, "created_at" timestamp NOT NULL, "updated_at" timestamp NOT NULL)[0m
  ↳ db/schema.rb:38
  [1m[35m (0.6ms)[0m  [1m[35mDROP TABLE IF EXISTS "courses_students" CASCADE[0m
  ↳ db/schema.rb:47
  [1m[35m (1.0ms)[0m  [1m[35mCREATE TABLE "courses_students" ("course_id" bigint NOT NULL, "student_id" bigint NOT NULL)[0m
  ↳ db/schema.rb:47
  [1m[35m (3.3ms)[0m  [1m[35mCREATE  INDEX  "index_courses_students_on_course_id_and_student_id" ON "courses_students"  ("course_id", "student_id")[0m
  ↳ db/schema.rb:47
  [1m[35m (1.4ms)[0m  [1m[35mCREATE  INDEX  "index_courses_students_on_student_id_and_course_id" ON "courses_students"  ("student_id", "course_id")[0m
  ↳ db/schema.rb:47
  [1m[35m (0.2ms)[0m  [1m[35mDROP TABLE IF EXISTS "stakeholders" CASCADE[0m
  ↳ db/schema.rb:54
  [1m[35m (3.3ms)[0m  [1m[35mCREATE TABLE "stakeholders" ("id" bigserial primary key, "username" character varying, "internal_password" character varying, "name" character varying, "first_last_name" character varying, "second_last_name" character varying, "email" character varying, "country" character varying, "state" character varying, "city" character varying, "partner" character varying, "organization_code" character varying, "gender" integer, "dob" date, "phone_number" character varying, "language" character varying, "created_at" timestamp NOT NULL, "updated_at" timestamp NOT NULL)[0m
  ↳ db/schema.rb:54
  [1m[35m (0.4ms)[0m  [1m[35mDROP TABLE IF EXISTS "students" CASCADE[0m
  ↳ db/schema.rb:74
  [1m[35m (3.3ms)[0m  [1m[35mCREATE TABLE "students" ("id" bigserial primary key, "username" character varying, "internal_password" character varying, "name" character varying, "first_last_name" character varying, "second_last_name" character varying, "email" character varying, "country" character varying, "state" character varying, "city" character varying, "partner" character varying, "organization_code" character varying, "gender" integer, "dob" date, "phone_number" character varying, "language" character varying, "created_at" timestamp NOT NULL, "updated_at" timestamp NOT NULL)[0m
  ↳ db/schema.rb:74
  [1m[35m (0.3ms)[0m  [1m[35mDROP TABLE IF EXISTS "supervisors" CASCADE[0m
  ↳ db/schema.rb:94
  [1m[35m (3.4ms)[0m  [1m[35mCREATE TABLE "supervisors" ("id" bigserial primary key, "username" character varying, "internal_password" character varying, "name" character varying, "first_last_name" character varying, "second_last_name" character varying, "email" character varying, "country" character varying, "state" character varying, "city" character varying, "partner" character varying, "organization_code" character varying, "gender" integer, "dob" date, "phone_number" character varying, "language" character varying, "created_at" timestamp NOT NULL, "updated_at" timestamp NOT NULL)[0m
  ↳ db/schema.rb:94
  [1m[35m (0.3ms)[0m  [1m[35mDROP TABLE IF EXISTS "tutors" CASCADE[0m
  ↳ db/schema.rb:114
  [1m[35m (3.3ms)[0m  [1m[35mCREATE TABLE "tutors" ("id" bigserial primary key, "username" character varying, "internal_password" character varying, "name" character varying, "first_last_name" character varying, "second_last_name" character varying, "email" character varying, "country" character varying, "state" character varying, "city" character varying, "partner" character varying, "organization_code" character varying, "gender" integer, "dob" date, "phone_number" character varying, "language" character varying, "created_at" timestamp NOT NULL, "updated_at" timestamp NOT NULL)[0m
  ↳ db/schema.rb:114
  [1m[35m (2.9ms)[0m  [1m[35mCREATE TABLE "schema_migrations" ("version" character varying NOT NULL PRIMARY KEY)[0m
  ↳ db/schema.rb:13
  [1m[35m (0.4ms)[0m  [1m[34mSELECT "schema_migrations"."version" FROM "schema_migrations" ORDER BY "schema_migrations"."version" ASC[0m
  ↳ db/schema.rb:13
  [1m[35m (0.6ms)[0m  [1m[32mINSERT INTO "schema_migrations" (version) VALUES (20191016014246)[0m
  ↳ db/schema.rb:13
  [1m[35m (0.4ms)[0m  [1m[32mINSERT INTO "schema_migrations" (version) VALUES
(20191016004042),
(20191016004112),
(20191016004149),
(20191014223053),
(20191016003811),
(20191016002012);

[0m
  ↳ db/schema.rb:13
  [1m[35m (2.8ms)[0m  [1m[35mCREATE TABLE "ar_internal_metadata" ("key" character varying NOT NULL PRIMARY KEY, "value" character varying, "created_at" timestamp NOT NULL, "updated_at" timestamp NOT NULL)[0m
  ↳ db/schema.rb:13
  [1m[36mActiveRecord::InternalMetadata Load (0.5ms)[0m  [1m[34mSELECT  "ar_internal_metadata".* FROM "ar_internal_metadata" WHERE "ar_internal_metadata"."key" = $1 LIMIT $2[0m  [["key", "environment"], ["LIMIT", 1]]
  ↳ db/schema.rb:13
  [1m[35m (0.1ms)[0m  [1m[35mBEGIN[0m
  ↳ db/schema.rb:13
  [1m[36mActiveRecord::InternalMetadata Create (0.4ms)[0m  [1m[32mINSERT INTO "ar_internal_metadata" ("key", "value", "created_at", "updated_at") VALUES ($1, $2, $3, $4) RETURNING "key"[0m  [["key", "environment"], ["value", "development"], ["created_at", "2019-10-16 01:49:36.717138"], ["updated_at", "2019-10-16 01:49:36.717138"]]
  ↳ db/schema.rb:13
  [1m[35m (0.4ms)[0m  [1m[35mCOMMIT[0m
  ↳ db/schema.rb:13
  [1m[36mActiveRecord::InternalMetadata Load (0.2ms)[0m  [1m[34mSELECT  "ar_internal_metadata".* FROM "ar_internal_metadata" WHERE "ar_internal_metadata"."key" = $1 LIMIT $2[0m  [["key", "environment"], ["LIMIT", 1]]
  ↳ /Users/arturogonzalez/.rvm/gems/ruby-2.6.3/gems/rake-13.0.0/lib/rake/task.rb:280
  [1m[35m (0.1ms)[0m  [1m[35mBEGIN[0m
  ↳ /Users/arturogonzalez/.rvm/gems/ruby-2.6.3/gems/rake-13.0.0/lib/rake/task.rb:280
  [1m[36mActiveRecord::InternalMetadata Update (0.2ms)[0m  [1m[33mUPDATE "ar_internal_metadata" SET "value" = $1, "updated_at" = $2 WHERE "ar_internal_metadata"."key" = $3[0m  [["value", "test"], ["updated_at", "2019-10-16 01:49:36.720317"], ["key", "environment"]]
  ↳ /Users/arturogonzalez/.rvm/gems/ruby-2.6.3/gems/rake-13.0.0/lib/rake/task.rb:280
  [1m[35m (0.4ms)[0m  [1m[35mCOMMIT[0m
  ↳ /Users/arturogonzalez/.rvm/gems/ruby-2.6.3/gems/rake-13.0.0/lib/rake/task.rb:280
  [1m[35m (0.4ms)[0m  [1m[34mSELECT "schema_migrations"."version" FROM "schema_migrations" ORDER BY "schema_migrations"."version" ASC[0m
  ↳ /Users/arturogonzalez/.rvm/gems/ruby-2.6.3/gems/rake-13.0.0/lib/rake/task.rb:280
